ERROR - 2022-03-09 21:07:06 --> Table 'customers' already exists
ERROR - 2022-03-09 21:07:19 --> Table 'customers' already exists
CRITICAL - 2022-03-09 21:31:06 --> Invalid file: lista.php
#0 C:\laragon\www\demoseis\system\View\View.php(198): CodeIgniter\Exceptions\FrameworkException::forInvalidFile('lista.php')
#1 C:\laragon\www\demoseis\system\Common.php(1089): CodeIgniter\View\View->render('lista', Array, true)
#2 C:\laragon\www\demoseis\app\Controllers\Crud.php(19): view('lista', Array)
#3 C:\laragon\www\demoseis\system\CodeIgniter.php(832): App\Controllers\Crud->index()
#4 C:\laragon\www\demoseis\system\CodeIgniter.php(419): CodeIgniter\CodeIgniter->runController(Object(App\Controllers\Crud))
#5 C:\laragon\www\demoseis\system\CodeIgniter.php(326): CodeIgniter\CodeIgniter->handleRequest(NULL, Object(Config\Cache), false)
#6 C:\laragon\www\demoseis\public\index.php(37): CodeIgniter\CodeIgniter->run()
#7 C:\laragon\www\demoseis\system\Commands\Server\rewrite.php(43): require_once('C:\\laragon\\www\\...')
#8 {main}
CRITICAL - 2022-03-09 21:31:26 --> Invalid file: lista.php
#0 C:\laragon\www\demoseis\system\View\View.php(198): CodeIgniter\Exceptions\FrameworkException::forInvalidFile('lista.php')
#1 C:\laragon\www\demoseis\system\Common.php(1089): CodeIgniter\View\View->render('lista', Array, true)
#2 C:\laragon\www\demoseis\app\Controllers\Crud.php(19): view('lista', Array)
#3 C:\laragon\www\demoseis\system\CodeIgniter.php(832): App\Controllers\Crud->index()
#4 C:\laragon\www\demoseis\system\CodeIgniter.php(419): CodeIgniter\CodeIgniter->runController(Object(App\Controllers\Crud))
#5 C:\laragon\www\demoseis\system\CodeIgniter.php(326): CodeIgniter\CodeIgniter->handleRequest(NULL, Object(Config\Cache), false)
#6 C:\laragon\www\demoseis\public\index.php(37): CodeIgniter\CodeIgniter->run()
#7 C:\laragon\www\demoseis\system\Commands\Server\rewrite.php(43): require_once('C:\\laragon\\www\\...')
#8 {main}
CRITICAL - 2022-03-09 21:34:11 --> Invalid file: lista.php
#0 C:\laragon\www\demoseis\system\View\View.php(198): CodeIgniter\Exceptions\FrameworkException::forInvalidFile('lista.php')
#1 C:\laragon\www\demoseis\system\Common.php(1089): CodeIgniter\View\View->render('lista', Array, true)
#2 C:\laragon\www\demoseis\app\Controllers\Crud.php(19): view('lista', Array)
#3 C:\laragon\www\demoseis\system\CodeIgniter.php(832): App\Controllers\Crud->index()
#4 C:\laragon\www\demoseis\system\CodeIgniter.php(419): CodeIgniter\CodeIgniter->runController(Object(App\Controllers\Crud))
#5 C:\laragon\www\demoseis\system\CodeIgniter.php(326): CodeIgniter\CodeIgniter->handleRequest(NULL, Object(Config\Cache), false)
#6 C:\laragon\www\demoseis\public\index.php(37): CodeIgniter\CodeIgniter->run()
#7 C:\laragon\www\demoseis\system\Commands\Server\rewrite.php(43): require_once('C:\\laragon\\www\\...')
#8 {main}
CRITICAL - 2022-03-09 21:34:13 --> Invalid file: lista.php
#0 C:\laragon\www\demoseis\system\View\View.php(198): CodeIgniter\Exceptions\FrameworkException::forInvalidFile('lista.php')
#1 C:\laragon\www\demoseis\system\Common.php(1089): CodeIgniter\View\View->render('lista', Array, true)
#2 C:\laragon\www\demoseis\app\Controllers\Crud.php(19): view('lista', Array)
#3 C:\laragon\www\demoseis\system\CodeIgniter.php(832): App\Controllers\Crud->index()
#4 C:\laragon\www\demoseis\system\CodeIgniter.php(419): CodeIgniter\CodeIgniter->runController(Object(App\Controllers\Crud))
#5 C:\laragon\www\demoseis\system\CodeIgniter.php(326): CodeIgniter\CodeIgniter->handleRequest(NULL, Object(Config\Cache), false)
#6 C:\laragon\www\demoseis\public\index.php(37): CodeIgniter\CodeIgniter->run()
#7 C:\laragon\www\demoseis\system\Commands\Server\rewrite.php(43): require_once('C:\\laragon\\www\\...')
#8 {main}
CRITICAL - 2022-03-09 21:34:23 --> Invalid file: lista.php
#0 C:\laragon\www\demoseis\system\View\View.php(198): CodeIgniter\Exceptions\FrameworkException::forInvalidFile('lista.php')
#1 C:\laragon\www\demoseis\system\Common.php(1089): CodeIgniter\View\View->render('lista', Array, true)
#2 C:\laragon\www\demoseis\app\Controllers\Crud.php(19): view('lista', Array)
#3 C:\laragon\www\demoseis\system\CodeIgniter.php(832): App\Controllers\Crud->index()
#4 C:\laragon\www\demoseis\system\CodeIgniter.php(419): CodeIgniter\CodeIgniter->runController(Object(App\Controllers\Crud))
#5 C:\laragon\www\demoseis\system\CodeIgniter.php(326): CodeIgniter\CodeIgniter->handleRequest(NULL, Object(Config\Cache), false)
#6 C:\laragon\www\demoseis\public\index.php(37): CodeIgniter\CodeIgniter->run()
#7 C:\laragon\www\demoseis\system\Commands\Server\rewrite.php(43): require_once('C:\\laragon\\www\\...')
#8 {main}
