CRITICAL - 2022-03-10 10:05:19 --> Invalid file: lista.php
#0 C:\laragon\www\demoseis\system\View\View.php(198): CodeIgniter\Exceptions\FrameworkException::forInvalidFile('lista.php')
#1 C:\laragon\www\demoseis\system\Common.php(1089): CodeIgniter\View\View->render('lista', Array, true)
#2 C:\laragon\www\demoseis\app\Controllers\Crud.php(19): view('lista', Array)
#3 C:\laragon\www\demoseis\system\CodeIgniter.php(832): App\Controllers\Crud->index()
#4 C:\laragon\www\demoseis\system\CodeIgniter.php(419): CodeIgniter\CodeIgniter->runController(Object(App\Controllers\Crud))
#5 C:\laragon\www\demoseis\system\CodeIgniter.php(326): CodeIgniter\CodeIgniter->handleRequest(NULL, Object(Config\Cache), false)
#6 C:\laragon\www\demoseis\public\index.php(37): CodeIgniter\CodeIgniter->run()
#7 C:\laragon\www\demoseis\system\Commands\Server\rewrite.php(43): require_once('C:\\laragon\\www\\...')
#8 {main}
CRITICAL - 2022-03-10 10:17:47 --> Invalid file: index.php
#0 C:\laragon\www\demoseis\system\View\View.php(198): CodeIgniter\Exceptions\FrameworkException::forInvalidFile('index.php')
#1 C:\laragon\www\demoseis\system\Common.php(1089): CodeIgniter\View\View->render('index', Array, true)
#2 C:\laragon\www\demoseis\app\Controllers\Crud.php(17): view('index', Array)
#3 C:\laragon\www\demoseis\system\CodeIgniter.php(832): App\Controllers\Crud->index()
#4 C:\laragon\www\demoseis\system\CodeIgniter.php(419): CodeIgniter\CodeIgniter->runController(Object(App\Controllers\Crud))
#5 C:\laragon\www\demoseis\system\CodeIgniter.php(326): CodeIgniter\CodeIgniter->handleRequest(NULL, Object(Config\Cache), false)
#6 C:\laragon\www\demoseis\public\index.php(37): CodeIgniter\CodeIgniter->run()
#7 C:\laragon\www\demoseis\system\Commands\Server\rewrite.php(43): require_once('C:\\laragon\\www\\...')
#8 {main}
CRITICAL - 2022-03-10 10:35:37 --> Undefined property: stdClass::$iphone
#0 C:\laragon\www\demoseis\app\Views\crud\index.php(77): CodeIgniter\Debug\Exceptions->errorHandler(8, 'Undefined prope...', 'C:\\laragon\\www\\...', 77, Array)
#1 C:\laragon\www\demoseis\system\View\View.php(210): include('C:\\laragon\\www\\...')
#2 C:\laragon\www\demoseis\system\View\View.php(213): CodeIgniter\View\View->CodeIgniter\View\{closure}()
#3 C:\laragon\www\demoseis\system\Common.php(1089): CodeIgniter\View\View->render('Views/crud/inde...', Array, true)
#4 C:\laragon\www\demoseis\app\Controllers\Crud.php(17): view('Views/crud/inde...', Array)
#5 C:\laragon\www\demoseis\system\CodeIgniter.php(832): App\Controllers\Crud->index()
#6 C:\laragon\www\demoseis\system\CodeIgniter.php(419): CodeIgniter\CodeIgniter->runController(Object(App\Controllers\Crud))
#7 C:\laragon\www\demoseis\system\CodeIgniter.php(326): CodeIgniter\CodeIgniter->handleRequest(NULL, Object(Config\Cache), false)
#8 C:\laragon\www\demoseis\public\index.php(37): CodeIgniter\CodeIgniter->run()
#9 C:\laragon\www\demoseis\system\Commands\Server\rewrite.php(43): require_once('C:\\laragon\\www\\...')
#10 {main}
CRITICAL - 2022-03-10 13:17:22 --> Invalid file: add.php
#0 C:\laragon\www\demoseis\system\View\View.php(198): CodeIgniter\Exceptions\FrameworkException::forInvalidFile('add.php')
#1 C:\laragon\www\demoseis\system\Common.php(1089): CodeIgniter\View\View->render('add', Array, true)
#2 C:\laragon\www\demoseis\app\Controllers\Add.php(9): view('add')
#3 C:\laragon\www\demoseis\system\CodeIgniter.php(832): App\Controllers\Add->index()
#4 C:\laragon\www\demoseis\system\CodeIgniter.php(419): CodeIgniter\CodeIgniter->runController(Object(App\Controllers\Add))
#5 C:\laragon\www\demoseis\system\CodeIgniter.php(326): CodeIgniter\CodeIgniter->handleRequest(NULL, Object(Config\Cache), false)
#6 C:\laragon\www\demoseis\public\index.php(37): CodeIgniter\CodeIgniter->run()
#7 C:\laragon\www\demoseis\system\Commands\Server\rewrite.php(43): require_once('C:\\laragon\\www\\...')
#8 {main}
CRITICAL - 2022-03-10 19:31:28 --> Undefined index: id
#0 C:\laragon\www\demoseis\app\Controllers\Create.php(12): CodeIgniter\Debug\Exceptions->errorHandler(8, 'Undefined index...', 'C:\\laragon\\www\\...', 12, Array)
#1 C:\laragon\www\demoseis\system\CodeIgniter.php(832): App\Controllers\Create->index()
#2 C:\laragon\www\demoseis\system\CodeIgniter.php(419): CodeIgniter\CodeIgniter->runController(Object(App\Controllers\Create))
#3 C:\laragon\www\demoseis\system\CodeIgniter.php(326): CodeIgniter\CodeIgniter->handleRequest(NULL, Object(Config\Cache), false)
#4 C:\laragon\www\demoseis\public\index.php(37): CodeIgniter\CodeIgniter->run()
#5 C:\laragon\www\demoseis\system\Commands\Server\rewrite.php(43): require_once('C:\\laragon\\www\\...')
#6 {main}
CRITICAL - 2022-03-10 19:32:30 --> Undefined index: first_name
#0 C:\laragon\www\demoseis\app\Controllers\Create.php(12): CodeIgniter\Debug\Exceptions->errorHandler(8, 'Undefined index...', 'C:\\laragon\\www\\...', 12, Array)
#1 C:\laragon\www\demoseis\system\CodeIgniter.php(832): App\Controllers\Create->index()
#2 C:\laragon\www\demoseis\system\CodeIgniter.php(419): CodeIgniter\CodeIgniter->runController(Object(App\Controllers\Create))
#3 C:\laragon\www\demoseis\system\CodeIgniter.php(326): CodeIgniter\CodeIgniter->handleRequest(NULL, Object(Config\Cache), false)
#4 C:\laragon\www\demoseis\public\index.php(37): CodeIgniter\CodeIgniter->run()
#5 C:\laragon\www\demoseis\system\Commands\Server\rewrite.php(43): require_once('C:\\laragon\\www\\...')
#6 {main}
CRITICAL - 2022-03-10 19:35:45 --> Undefined variable: mensaje
#0 C:\laragon\www\demoseis\app\Views\template\template_customer.php(292): CodeIgniter\Debug\Exceptions->errorHandler(8, 'Undefined varia...', 'C:\\laragon\\www\\...', 292, Array)
#1 C:\laragon\www\demoseis\system\View\View.php(210): include('C:\\laragon\\www\\...')
#2 C:\laragon\www\demoseis\system\View\View.php(213): CodeIgniter\View\View->CodeIgniter\View\{closure}()
#3 C:\laragon\www\demoseis\system\View\View.php(226): CodeIgniter\View\View->render('template/templa...', Array, true)
#4 C:\laragon\www\demoseis\system\Common.php(1089): CodeIgniter\View\View->render('Views/crud/inde...', Array, true)
#5 C:\laragon\www\demoseis\app\Controllers\Crud.php(20): view('Views/crud/inde...', Array)
#6 C:\laragon\www\demoseis\system\CodeIgniter.php(832): App\Controllers\Crud->index()
#7 C:\laragon\www\demoseis\system\CodeIgniter.php(419): CodeIgniter\CodeIgniter->runController(Object(App\Controllers\Crud))
#8 C:\laragon\www\demoseis\system\CodeIgniter.php(326): CodeIgniter\CodeIgniter->handleRequest(NULL, Object(Config\Cache), false)
#9 C:\laragon\www\demoseis\public\index.php(37): CodeIgniter\CodeIgniter->run()
#10 C:\laragon\www\demoseis\system\Commands\Server\rewrite.php(43): require_once('C:\\laragon\\www\\...')
#11 {main}
CRITICAL - 2022-03-10 19:37:38 --> Undefined index: first_name
#0 C:\laragon\www\demoseis\app\Controllers\Create.php(12): CodeIgniter\Debug\Exceptions->errorHandler(8, 'Undefined index...', 'C:\\laragon\\www\\...', 12, Array)
#1 C:\laragon\www\demoseis\system\CodeIgniter.php(832): App\Controllers\Create->index()
#2 C:\laragon\www\demoseis\system\CodeIgniter.php(419): CodeIgniter\CodeIgniter->runController(Object(App\Controllers\Create))
#3 C:\laragon\www\demoseis\system\CodeIgniter.php(326): CodeIgniter\CodeIgniter->handleRequest(NULL, Object(Config\Cache), false)
#4 C:\laragon\www\demoseis\public\index.php(37): CodeIgniter\CodeIgniter->run()
#5 C:\laragon\www\demoseis\system\Commands\Server\rewrite.php(43): require_once('C:\\laragon\\www\\...')
#6 {main}
CRITICAL - 2022-03-10 19:38:59 --> Undefined index: first_name
#0 C:\laragon\www\demoseis\app\Controllers\Create.php(12): CodeIgniter\Debug\Exceptions->errorHandler(8, 'Undefined index...', 'C:\\laragon\\www\\...', 12, Array)
#1 C:\laragon\www\demoseis\system\CodeIgniter.php(832): App\Controllers\Create->index()
#2 C:\laragon\www\demoseis\system\CodeIgniter.php(419): CodeIgniter\CodeIgniter->runController(Object(App\Controllers\Create))
#3 C:\laragon\www\demoseis\system\CodeIgniter.php(326): CodeIgniter\CodeIgniter->handleRequest(NULL, Object(Config\Cache), false)
#4 C:\laragon\www\demoseis\public\index.php(37): CodeIgniter\CodeIgniter->run()
#5 C:\laragon\www\demoseis\system\Commands\Server\rewrite.php(43): require_once('C:\\laragon\\www\\...')
#6 {main}
CRITICAL - 2022-03-10 19:40:06 --> Undefined index: first_name
#0 C:\laragon\www\demoseis\app\Controllers\Create.php(12): CodeIgniter\Debug\Exceptions->errorHandler(8, 'Undefined index...', 'C:\\laragon\\www\\...', 12, Array)
#1 C:\laragon\www\demoseis\system\CodeIgniter.php(832): App\Controllers\Create->index()
#2 C:\laragon\www\demoseis\system\CodeIgniter.php(419): CodeIgniter\CodeIgniter->runController(Object(App\Controllers\Create))
#3 C:\laragon\www\demoseis\system\CodeIgniter.php(326): CodeIgniter\CodeIgniter->handleRequest(NULL, Object(Config\Cache), false)
#4 C:\laragon\www\demoseis\public\index.php(37): CodeIgniter\CodeIgniter->run()
#5 C:\laragon\www\demoseis\system\Commands\Server\rewrite.php(43): require_once('C:\\laragon\\www\\...')
#6 {main}
CRITICAL - 2022-03-10 19:44:09 --> Undefined index: last_name
#0 C:\laragon\www\demoseis\app\Controllers\Create.php(13): CodeIgniter\Debug\Exceptions->errorHandler(8, 'Undefined index...', 'C:\\laragon\\www\\...', 13, Array)
#1 C:\laragon\www\demoseis\system\CodeIgniter.php(832): App\Controllers\Create->index()
#2 C:\laragon\www\demoseis\system\CodeIgniter.php(419): CodeIgniter\CodeIgniter->runController(Object(App\Controllers\Create))
#3 C:\laragon\www\demoseis\system\CodeIgniter.php(326): CodeIgniter\CodeIgniter->handleRequest(NULL, Object(Config\Cache), false)
#4 C:\laragon\www\demoseis\public\index.php(37): CodeIgniter\CodeIgniter->run()
#5 C:\laragon\www\demoseis\system\Commands\Server\rewrite.php(43): require_once('C:\\laragon\\www\\...')
#6 {main}
CRITICAL - 2022-03-10 19:44:33 --> Too few arguments to function App\Controllers\Create::index(), 0 passed in C:\laragon\www\demoseis\system\CodeIgniter.php on line 832 and exactly 1 expected
#0 C:\laragon\www\demoseis\system\CodeIgniter.php(832): App\Controllers\Create->index()
#1 C:\laragon\www\demoseis\system\CodeIgniter.php(419): CodeIgniter\CodeIgniter->runController(Object(App\Controllers\Create))
#2 C:\laragon\www\demoseis\system\CodeIgniter.php(326): CodeIgniter\CodeIgniter->handleRequest(NULL, Object(Config\Cache), false)
#3 C:\laragon\www\demoseis\public\index.php(37): CodeIgniter\CodeIgniter->run()
#4 C:\laragon\www\demoseis\system\Commands\Server\rewrite.php(43): require_once('C:\\laragon\\www\\...')
#5 {main}
CRITICAL - 2022-03-10 19:44:58 --> Undefined index: first_name
#0 C:\laragon\www\demoseis\app\Controllers\Create.php(12): CodeIgniter\Debug\Exceptions->errorHandler(8, 'Undefined index...', 'C:\\laragon\\www\\...', 12, Array)
#1 C:\laragon\www\demoseis\system\CodeIgniter.php(832): App\Controllers\Create->index()
#2 C:\laragon\www\demoseis\system\CodeIgniter.php(419): CodeIgniter\CodeIgniter->runController(Object(App\Controllers\Create))
#3 C:\laragon\www\demoseis\system\CodeIgniter.php(326): CodeIgniter\CodeIgniter->handleRequest(NULL, Object(Config\Cache), false)
#4 C:\laragon\www\demoseis\public\index.php(37): CodeIgniter\CodeIgniter->run()
#5 C:\laragon\www\demoseis\system\Commands\Server\rewrite.php(43): require_once('C:\\laragon\\www\\...')
#6 {main}
CRITICAL - 2022-03-10 19:50:38 --> Undefined index: first_name
#0 C:\laragon\www\demoseis\app\Controllers\Create.php(12): CodeIgniter\Debug\Exceptions->errorHandler(8, 'Undefined index...', 'C:\\laragon\\www\\...', 12, Array)
#1 C:\laragon\www\demoseis\system\CodeIgniter.php(832): App\Controllers\Create->index()
#2 C:\laragon\www\demoseis\system\CodeIgniter.php(419): CodeIgniter\CodeIgniter->runController(Object(App\Controllers\Create))
#3 C:\laragon\www\demoseis\system\CodeIgniter.php(326): CodeIgniter\CodeIgniter->handleRequest(NULL, Object(Config\Cache), false)
#4 C:\laragon\www\demoseis\public\index.php(37): CodeIgniter\CodeIgniter->run()
#5 C:\laragon\www\demoseis\system\Commands\Server\rewrite.php(43): require_once('C:\\laragon\\www\\...')
#6 {main}
CRITICAL - 2022-03-10 20:09:27 --> Undefined index: id
#0 C:\laragon\www\demoseis\app\Controllers\Create.php(12): CodeIgniter\Debug\Exceptions->errorHandler(8, 'Undefined index...', 'C:\\laragon\\www\\...', 12, Array)
#1 C:\laragon\www\demoseis\system\CodeIgniter.php(832): App\Controllers\Create->index()
#2 C:\laragon\www\demoseis\system\CodeIgniter.php(419): CodeIgniter\CodeIgniter->runController(Object(App\Controllers\Create))
#3 C:\laragon\www\demoseis\system\CodeIgniter.php(326): CodeIgniter\CodeIgniter->handleRequest(NULL, Object(Config\Cache), false)
#4 C:\laragon\www\demoseis\public\index.php(37): CodeIgniter\CodeIgniter->run()
#5 C:\laragon\www\demoseis\system\Commands\Server\rewrite.php(43): require_once('C:\\laragon\\www\\...')
#6 {main}
CRITICAL - 2022-03-10 20:10:20 --> Undefined index: first_name
#0 C:\laragon\www\demoseis\app\Controllers\Create.php(12): CodeIgniter\Debug\Exceptions->errorHandler(8, 'Undefined index...', 'C:\\laragon\\www\\...', 12, Array)
#1 C:\laragon\www\demoseis\system\CodeIgniter.php(832): App\Controllers\Create->index()
#2 C:\laragon\www\demoseis\system\CodeIgniter.php(419): CodeIgniter\CodeIgniter->runController(Object(App\Controllers\Create))
#3 C:\laragon\www\demoseis\system\CodeIgniter.php(326): CodeIgniter\CodeIgniter->handleRequest(NULL, Object(Config\Cache), false)
#4 C:\laragon\www\demoseis\public\index.php(37): CodeIgniter\CodeIgniter->run()
#5 C:\laragon\www\demoseis\system\Commands\Server\rewrite.php(43): require_once('C:\\laragon\\www\\...')
#6 {main}
CRITICAL - 2022-03-10 20:18:49 --> Undefined variable: datos
#0 C:\laragon\www\demoseis\app\Controllers\Create.php(24): CodeIgniter\Debug\Exceptions->errorHandler(8, 'Undefined varia...', 'C:\\laragon\\www\\...', 24, Array)
#1 C:\laragon\www\demoseis\system\CodeIgniter.php(832): App\Controllers\Create->index()
#2 C:\laragon\www\demoseis\system\CodeIgniter.php(419): CodeIgniter\CodeIgniter->runController(Object(App\Controllers\Create))
#3 C:\laragon\www\demoseis\system\CodeIgniter.php(326): CodeIgniter\CodeIgniter->handleRequest(NULL, Object(Config\Cache), false)
#4 C:\laragon\www\demoseis\public\index.php(37): CodeIgniter\CodeIgniter->run()
#5 C:\laragon\www\demoseis\system\Commands\Server\rewrite.php(43): require_once('C:\\laragon\\www\\...')
#6 {main}
CRITICAL - 2022-03-10 20:23:27 --> Undefined variable: envio
#0 C:\laragon\www\demoseis\app\Controllers\Create.php(26): CodeIgniter\Debug\Exceptions->errorHandler(8, 'Undefined varia...', 'C:\\laragon\\www\\...', 26, Array)
#1 C:\laragon\www\demoseis\system\CodeIgniter.php(832): App\Controllers\Create->index()
#2 C:\laragon\www\demoseis\system\CodeIgniter.php(419): CodeIgniter\CodeIgniter->runController(Object(App\Controllers\Create))
#3 C:\laragon\www\demoseis\system\CodeIgniter.php(326): CodeIgniter\CodeIgniter->handleRequest(NULL, Object(Config\Cache), false)
#4 C:\laragon\www\demoseis\public\index.php(37): CodeIgniter\CodeIgniter->run()
#5 C:\laragon\www\demoseis\system\Commands\Server\rewrite.php(43): require_once('C:\\laragon\\www\\...')
#6 {main}
CRITICAL - 2022-03-10 20:34:13 --> Undefined index: first_name
#0 C:\laragon\www\demoseis\app\Controllers\Create.php(13): CodeIgniter\Debug\Exceptions->errorHandler(8, 'Undefined index...', 'C:\\laragon\\www\\...', 13, Array)
#1 C:\laragon\www\demoseis\system\CodeIgniter.php(832): App\Controllers\Create->index()
#2 C:\laragon\www\demoseis\system\CodeIgniter.php(419): CodeIgniter\CodeIgniter->runController(Object(App\Controllers\Create))
#3 C:\laragon\www\demoseis\system\CodeIgniter.php(326): CodeIgniter\CodeIgniter->handleRequest(NULL, Object(Config\Cache), false)
#4 C:\laragon\www\demoseis\public\index.php(37): CodeIgniter\CodeIgniter->run()
#5 C:\laragon\www\demoseis\system\Commands\Server\rewrite.php(43): require_once('C:\\laragon\\www\\...')
#6 {main}
CRITICAL - 2022-03-10 20:45:10 --> Undefined variable: datos
#0 C:\laragon\www\demoseis\app\Controllers\Create.php(26): CodeIgniter\Debug\Exceptions->errorHandler(8, 'Undefined varia...', 'C:\\laragon\\www\\...', 26, Array)
#1 C:\laragon\www\demoseis\system\CodeIgniter.php(832): App\Controllers\Create->index()
#2 C:\laragon\www\demoseis\system\CodeIgniter.php(419): CodeIgniter\CodeIgniter->runController(Object(App\Controllers\Create))
#3 C:\laragon\www\demoseis\system\CodeIgniter.php(326): CodeIgniter\CodeIgniter->handleRequest(NULL, Object(Config\Cache), false)
#4 C:\laragon\www\demoseis\public\index.php(37): CodeIgniter\CodeIgniter->run()
#5 C:\laragon\www\demoseis\system\Commands\Server\rewrite.php(43): require_once('C:\\laragon\\www\\...')
#6 {main}
CRITICAL - 2022-03-10 20:45:28 --> Undefined variable: envio
#0 C:\laragon\www\demoseis\app\Controllers\Create.php(26): CodeIgniter\Debug\Exceptions->errorHandler(8, 'Undefined varia...', 'C:\\laragon\\www\\...', 26, Array)
#1 C:\laragon\www\demoseis\system\CodeIgniter.php(832): App\Controllers\Create->index()
#2 C:\laragon\www\demoseis\system\CodeIgniter.php(419): CodeIgniter\CodeIgniter->runController(Object(App\Controllers\Create))
#3 C:\laragon\www\demoseis\system\CodeIgniter.php(326): CodeIgniter\CodeIgniter->handleRequest(NULL, Object(Config\Cache), false)
#4 C:\laragon\www\demoseis\public\index.php(37): CodeIgniter\CodeIgniter->run()
#5 C:\laragon\www\demoseis\system\Commands\Server\rewrite.php(43): require_once('C:\\laragon\\www\\...')
#6 {main}
CRITICAL - 2022-03-10 20:45:53 --> Undefined variable: envio
#0 C:\laragon\www\demoseis\app\Controllers\Create.php(26): CodeIgniter\Debug\Exceptions->errorHandler(8, 'Undefined varia...', 'C:\\laragon\\www\\...', 26, Array)
#1 C:\laragon\www\demoseis\system\CodeIgniter.php(832): App\Controllers\Create->index()
#2 C:\laragon\www\demoseis\system\CodeIgniter.php(419): CodeIgniter\CodeIgniter->runController(Object(App\Controllers\Create))
#3 C:\laragon\www\demoseis\system\CodeIgniter.php(326): CodeIgniter\CodeIgniter->handleRequest(NULL, Object(Config\Cache), false)
#4 C:\laragon\www\demoseis\public\index.php(37): CodeIgniter\CodeIgniter->run()
#5 C:\laragon\www\demoseis\system\Commands\Server\rewrite.php(43): require_once('C:\\laragon\\www\\...')
#6 {main}
CRITICAL - 2022-03-10 22:22:47 --> Invalid file: Views/edit/edit.php
#0 C:\laragon\www\demoseis\system\View\View.php(198): CodeIgniter\Exceptions\FrameworkException::forInvalidFile('Views/edit/edit...')
#1 C:\laragon\www\demoseis\system\Common.php(1089): CodeIgniter\View\View->render('Views/edit/edit', Array, true)
#2 C:\laragon\www\demoseis\app\Controllers\edit.php(18): view('Views/edit/edit', Array)
#3 C:\laragon\www\demoseis\system\CodeIgniter.php(832): App\Controllers\Edit->index('1')
#4 C:\laragon\www\demoseis\system\CodeIgniter.php(419): CodeIgniter\CodeIgniter->runController(Object(App\Controllers\Edit))
#5 C:\laragon\www\demoseis\system\CodeIgniter.php(326): CodeIgniter\CodeIgniter->handleRequest(NULL, Object(Config\Cache), false)
#6 C:\laragon\www\demoseis\public\index.php(37): CodeIgniter\CodeIgniter->run()
#7 C:\laragon\www\demoseis\system\Commands\Server\rewrite.php(43): require_once('C:\\laragon\\www\\...')
#8 {main}
CRITICAL - 2022-03-10 22:23:26 --> Invalid file: edit.php
#0 C:\laragon\www\demoseis\system\View\View.php(198): CodeIgniter\Exceptions\FrameworkException::forInvalidFile('edit.php')
#1 C:\laragon\www\demoseis\system\Common.php(1089): CodeIgniter\View\View->render('edit', Array, true)
#2 C:\laragon\www\demoseis\app\Controllers\edit.php(18): view('edit', Array)
#3 C:\laragon\www\demoseis\system\CodeIgniter.php(832): App\Controllers\Edit->index('1')
#4 C:\laragon\www\demoseis\system\CodeIgniter.php(419): CodeIgniter\CodeIgniter->runController(Object(App\Controllers\Edit))
#5 C:\laragon\www\demoseis\system\CodeIgniter.php(326): CodeIgniter\CodeIgniter->handleRequest(NULL, Object(Config\Cache), false)
#6 C:\laragon\www\demoseis\public\index.php(37): CodeIgniter\CodeIgniter->run()
#7 C:\laragon\www\demoseis\system\Commands\Server\rewrite.php(43): require_once('C:\\laragon\\www\\...')
#8 {main}
CRITICAL - 2022-03-10 22:24:00 --> Invalid file: edit.php
#0 C:\laragon\www\demoseis\system\View\View.php(198): CodeIgniter\Exceptions\FrameworkException::forInvalidFile('edit.php')
#1 C:\laragon\www\demoseis\system\Common.php(1089): CodeIgniter\View\View->render('edit', Array, true)
#2 C:\laragon\www\demoseis\app\Controllers\edit.php(18): view('edit', Array)
#3 C:\laragon\www\demoseis\system\CodeIgniter.php(832): App\Controllers\Edit->index('1')
#4 C:\laragon\www\demoseis\system\CodeIgniter.php(419): CodeIgniter\CodeIgniter->runController(Object(App\Controllers\Edit))
#5 C:\laragon\www\demoseis\system\CodeIgniter.php(326): CodeIgniter\CodeIgniter->handleRequest(NULL, Object(Config\Cache), false)
#6 C:\laragon\www\demoseis\public\index.php(37): CodeIgniter\CodeIgniter->run()
#7 C:\laragon\www\demoseis\system\Commands\Server\rewrite.php(43): require_once('C:\\laragon\\www\\...')
#8 {main}
